<?xml version="1.0" encoding="UTF-8"?>
<!-- Generated by org.testng.reporters.JUnitReportReporter -->
<testsuite hostname="DESKTOP-QHQ78OS" failures="0" tests="1" name="gov.gao.qa.testcases.BackgroundTest" time="0.775" errors="0" timestamp="16 Jul 2020 20:18:57 GMT" skipped="0">
  <testcase classname="gov.gao.qa.testcases.BackgroundTest" name="verifyBackgroundPage_test" time="0.775"/>
</testsuite> <!-- gov.gao.qa.testcases.BackgroundTest -->
