<?xml version="1.0" encoding="UTF-8"?>
<!-- Generated by org.testng.reporters.JUnitReportReporter -->
<testsuite hostname="DESKTOP-QHQ78OS" failures="0" tests="2" name="com.pjd.qa.testcases.LoginPageTest" time="5.284" errors="0" timestamp="13 Apr 2022 14:18:28 GMT" skipped="0">
  <testcase classname="com.pjd.qa.testcases.LoginPageTest" name="verifyMainPageTitle_test" time="3.053"/>
  <testcase classname="com.pjd.qa.testcases.LoginPageTest" name="doLogin_test" time="2.231"/>
</testsuite> <!-- com.pjd.qa.testcases.LoginPageTest -->
