<?xml version="1.0" encoding="UTF-8"?>
<!-- Generated by org.testng.reporters.JUnitReportReporter -->
<testsuite hostname="DESKTOP-QHQ78OS" failures="0" tests="9" name="gov.gao.qa.testcases.CongressAddresseesTest" time="13.968" errors="0" timestamp="10 Aug 2020 00:37:37 GMT" skipped="0">
  <testcase classname="gov.gao.qa.testcases.CongressAddresseesTest" name="verifyCongressionalAddressesPage_test" time="2.179"/>
  <testcase classname="gov.gao.qa.testcases.CongressAddresseesTest" name="verifyClickOnCongressionalAddressesPage_test" time="0.113"/>
  <testcase classname="gov.gao.qa.testcases.CongressAddresseesTest" name="verifyCongressionalAddressesPageHeader_test" time="1.595"/>
  <testcase classname="gov.gao.qa.testcases.CongressAddresseesTest" name="verifygetCongressionalAddresseesBlock_test" time="1.612"/>
  <testcase classname="gov.gao.qa.testcases.CongressAddresseesTest" name="verifyMajorFindings_test" time="1.921"/>
  <testcase classname="gov.gao.qa.testcases.CongressAddresseesTest" name="verifyRecommendationsLink_test" time="1.913"/>
  <testcase classname="gov.gao.qa.testcases.CongressAddresseesTest" name="verifyReportSummary_test" time="1.882"/>
  <testcase classname="gov.gao.qa.testcases.CongressAddresseesTest" name="verifyBackToTopButton_test" time="1.878"/>
  <testcase classname="gov.gao.qa.testcases.CongressAddresseesTest" name="verifySideNavigationLink_test" time="0.875"/>
</testsuite> <!-- gov.gao.qa.testcases.CongressAddresseesTest -->
