<?xml version="1.0" encoding="UTF-8"?>
<!-- Generated by org.testng.reporters.JUnitReportReporter -->
<testsuite hostname="DESKTOP-QHQ78OS" failures="0" tests="1" name="gov.gao.qa.testcases.MainTest" time="0.013" errors="0" timestamp="16 Jul 2020 20:18:57 GMT" skipped="0">
  <testcase classname="gov.gao.qa.testcases.MainTest" name="verifyMainPageTitle_test" time="0.013"/>
</testsuite> <!-- gov.gao.qa.testcases.MainTest -->
